FILE_TYPE=LIBRARY_PARTS;
PRIMITIVE '7843332000','7843332000_Other';
  PIN
    '1':
      PIN_NUMBER='(1)';
      NO_LOAD_CHECK=BOTH;
      NO_IO_CHECK=BOTH;
      ALLOW_CONNECT=TRUE;
      PINUSE='UNSPEC';
    '2':
      PIN_NUMBER='(2)';
      NO_LOAD_CHECK=BOTH;
      NO_IO_CHECK=BOTH;
      ALLOW_CONNECT=TRUE;
      PINUSE='UNSPEC';
  END_PIN;
  BODY
    PART_NAME='7843332000';
    PHYS_DES_PREFIX='L';
    NO_LOAD_CHECK='TRUE';
    PIN_COUNT='2';
    BODY_NAME='7843332000';
    JEDEC_TYPE='7843332000';
  END_BODY;
END_PRIMITIVE;
END.
